# JRE version: Java(TM) SE Runtime Environment (17.0.8+9) (build 17.0.8+9-LTS-211)
# Java VM: Java HotSpot(TM) 64-Bit Server VM (17.0.8+9-LTS-211, mixed mode, sharing, tiered, compressed oops, compressed class ptrs, g1 gc, windows-amd64)
GC Precious Log:
 CPUs: 12 total, 12 available
 Memory: 16068M
 Large Page Support: Disabled
 NUMA Support: Disabled
 Compressed Oops: Enabled (Zero based)
 Heap Region Size: 2M
 Heap Min Capacity: 8M
 Heap Initial Capacity: 252M
 Heap Max Capacity: 4018M
 Pre-touch: Disabled
 Parallel Workers: 10
 Concurrent Workers: 3
 Concurrent Refinement Workers: 10
 Periodic GC: Disabled
Heap:
 garbage-first heap   total 233472K, used 107145K [0x0000000704e00000, 0x0000000800000000)
  region size 2048K, 31 young (63488K), 3 survivors (6144K)
 Metaspace       used 32830K, committed 33216K, reserved 1114112K
  class space    used 3700K, committed 3904K, reserved 1048576K
GC Heap History (20 events):
Event: 2.319 GC heap before
{Heap before GC invocations=3 (full 0):
 garbage-first heap   total 258048K, used 18468K [0x0000000704e00000, 0x0000000800000000)
  region size 2048K, 8 young (16384K), 7 survivors (14336K)
 Metaspace       used 21202K, committed 21504K, reserved 1114112K
  class space    used 2434K, committed 2624K, reserved 1048576K
}
Event: 2.324 GC heap after
{Heap after GC invocations=4 (full 0):
 garbage-first heap   total 258048K, used 20306K [0x0000000704e00000, 0x0000000800000000)
  region size 2048K, 1 young (2048K), 1 survivors (2048K)
 Metaspace       used 21202K, committed 21504K, reserved 1114112K
  class space    used 2434K, committed 2624K, reserved 1048576K
}
Event: 2.723 GC heap before
{Heap before GC invocations=5 (full 0):
 garbage-first heap   total 75776K, used 63314K [0x0000000704e00000, 0x0000000800000000)
  region size 2048K, 21 young (43008K), 1 survivors (2048K)
 Metaspace       used 27076K, committed 27392K, reserved 1114112K
  class space    used 3129K, committed 3264K, reserved 1048576K
}
Event: 2.732 GC heap after
{Heap after GC invocations=6 (full 0):
 garbage-first heap   total 81920K, used 38587K [0x0000000704e00000, 0x0000000800000000)
  region size 2048K, 8 young (16384K), 8 survivors (16384K)
 Metaspace       used 27076K, committed 27392K, reserved 1114112K
  class space    used 3129K, committed 3264K, reserved 1048576K
}
Event: 2.849 GC heap before
{Heap before GC invocations=6 (full 0):
 garbage-first heap   total 81920K, used 57019K [0x0000000704e00000, 0x0000000800000000)
  region size 2048K, 17 young (34816K), 8 survivors (16384K)
 Metaspace       used 27632K, committed 27904K, reserved 1114112K
  class space    used 3197K, committed 3328K, reserved 1048576K
}
Event: 2.858 GC heap after
{Heap after GC invocations=7 (full 0):
 garbage-first heap   total 81920K, used 42834K [0x0000000704e00000, 0x0000000800000000)
  region size 2048K, 3 young (6144K), 3 survivors (6144K)
 Metaspace       used 27632K, committed 27904K, reserved 1114112K
  class space    used 3197K, committed 3328K, reserved 1048576K
}
Event: 2.993 GC heap before
{Heap before GC invocations=7 (full 0):
 garbage-first heap   total 81920K, used 59218K [0x0000000704e00000, 0x0000000800000000)
  region size 2048K, 11 young (22528K), 3 survivors (6144K)
 Metaspace       used 28110K, committed 28352K, reserved 1114112K
  class space    used 3220K, committed 3328K, reserved 1048576K
}
Event: 3.002 GC heap after
{Heap after GC invocations=8 (full 0):
 garbage-first heap   total 81920K, used 44802K [0x0000000704e00000, 0x0000000800000000)
  region size 2048K, 2 young (4096K), 2 survivors (4096K)
 Metaspace       used 28110K, committed 28352K, reserved 1114112K
  class space    used 3220K, committed 3328K, reserved 1048576K
}
Event: 3.199 GC heap before
{Heap before GC invocations=8 (full 0):
 garbage-first heap   total 81920K, used 57090K [0x0000000704e00000, 0x0000000800000000)
  region size 2048K, 9 young (18432K), 2 survivors (4096K)
 Metaspace       used 28872K, committed 29248K, reserved 1114112K
  class space    used 3315K, committed 3520K, reserved 1048576K
}
Event: 3.205 GC heap after
{Heap after GC invocations=9 (full 0):
 garbage-first heap   total 116736K, used 45162K [0x0000000704e00000, 0x0000000800000000)
  region size 2048K, 1 young (2048K), 1 survivors (2048K)
 Metaspace       used 28872K, committed 29248K, reserved 1114112K
  class space    used 3315K, committed 3520K, reserved 1048576K
}
Event: 3.509 GC heap before
{Heap before GC invocations=10 (full 0):
 garbage-first heap   total 116736K, used 79978K [0x0000000704e00000, 0x0000000800000000)
  region size 2048K, 18 young (36864K), 1 survivors (2048K)
 Metaspace       used 30296K, committed 30656K, reserved 1114112K
  class space    used 3464K, committed 3648K, reserved 1048576K
}
Event: 3.513 GC heap after
{Heap after GC invocations=11 (full 0):
 garbage-first heap   total 116736K, used 46034K [0x0000000704e00000, 0x0000000800000000)
  region size 2048K, 1 young (2048K), 1 survivors (2048K)
 Metaspace       used 30296K, committed 30656K, reserved 1114112K
  class space    used 3464K, committed 3648K, reserved 1048576K
}
Event: 3.532 GC heap before
{Heap before GC invocations=11 (full 0):
 garbage-first heap   total 116736K, used 48082K [0x0000000704e00000, 0x0000000800000000)
  region size 2048K, 2 young (4096K), 1 survivors (2048K)
 Metaspace       used 30355K, committed 30720K, reserved 1114112K
  class space    used 3477K, committed 3648K, reserved 1048576K
}
Event: 3.539 GC heap after
{Heap after GC invocations=12 (full 0):
 garbage-first heap   total 116736K, used 45925K [0x0000000704e00000, 0x0000000800000000)
  region size 2048K, 1 young (2048K), 1 survivors (2048K)
 Metaspace       used 30355K, committed 30720K, reserved 1114112K
  class space    used 3477K, committed 3648K, reserved 1048576K
}
Event: 3.701 GC heap before
{Heap before GC invocations=12 (full 0):
 garbage-first heap   total 116736K, used 84837K [0x0000000704e00000, 0x0000000800000000)
  region size 2048K, 20 young (40960K), 1 survivors (2048K)
 Metaspace       used 30726K, committed 31168K, reserved 1114112K
  class space    used 3490K, committed 3712K, reserved 1048576K
}
Event: 3.708 GC heap after
{Heap after GC invocations=13 (full 0):
 garbage-first heap   total 116736K, used 47670K [0x0000000704e00000, 0x0000000800000000)
  region size 2048K, 2 young (4096K), 2 survivors (4096K)
 Metaspace       used 30726K, committed 31168K, reserved 1114112K
  class space    used 3490K, committed 3712K, reserved 1048576K
}
Event: 3.813 GC heap before
{Heap before GC invocations=13 (full 0):
 garbage-first heap   total 116736K, used 86582K [0x0000000704e00000, 0x0000000800000000)
  region size 2048K, 21 young (43008K), 2 survivors (4096K)
 Metaspace       used 30853K, committed 31296K, reserved 1114112K
  class space    used 3490K, committed 3712K, reserved 1048576K
}
Event: 3.819 GC heap after
{Heap after GC invocations=14 (full 0):
 garbage-first heap   total 116736K, used 47684K [0x0000000704e00000, 0x0000000800000000)
  region size 2048K, 2 young (4096K), 2 survivors (4096K)
 Metaspace       used 30853K, committed 31296K, reserved 1114112K
  class space    used 3490K, committed 3712K, reserved 1048576K
}
Event: 4.400 GC heap before
{Heap before GC invocations=14 (full 0):
 garbage-first heap   total 116736K, used 88644K [0x0000000704e00000, 0x0000000800000000)
  region size 2048K, 22 young (45056K), 2 survivors (4096K)
 Metaspace       used 32674K, committed 33152K, reserved 1114112K
  class space    used 3694K, committed 3904K, reserved 1048576K
}
Event: 4.409 GC heap after
{Heap after GC invocations=15 (full 0):
 garbage-first heap   total 233472K, used 49801K [0x0000000704e00000, 0x0000000800000000)
  region size 2048K, 3 young (6144K), 3 survivors (6144K)
 Metaspace       used 32674K, committed 33152K, reserved 1114112K
  class space    used 3694K, committed 3904K, reserved 1048576K
}

