# JRE version: Java(TM) SE Runtime Environment (17.0.8+9) (build 17.0.8+9-LTS-211)
# Java VM: Java HotSpot(TM) 64-Bit Server VM (17.0.8+9-LTS-211, mixed mode, sharing, tiered, compressed oops, compressed class ptrs, g1 gc, windows-amd64)
GC Precious Log:
 CPUs: 12 total, 12 available
 Memory: 16068M
 Large Page Support: Disabled
 NUMA Support: Disabled
 Compressed Oops: Enabled (Zero based)
 Heap Region Size: 2M
 Heap Min Capacity: 8M
 Heap Initial Capacity: 252M
 Heap Max Capacity: 4018M
 Pre-touch: Disabled
 Parallel Workers: 10
 Concurrent Workers: 3
 Concurrent Refinement Workers: 10
 Periodic GC: Disabled
Heap:
 garbage-first heap   total 221184K, used 97605K [0x0000000704e00000, 0x0000000800000000)
  region size 2048K, 25 young (51200K), 2 survivors (4096K)
 Metaspace       used 32812K, committed 33152K, reserved 1114112K
  class space    used 3693K, committed 3904K, reserved 1048576K
GC Heap History (20 events):
Event: 2.770 GC heap before
{Heap before GC invocations=5 (full 0):
 garbage-first heap   total 75776K, used 65304K [0x0000000704e00000, 0x0000000800000000)
  region size 2048K, 22 young (45056K), 1 survivors (2048K)
 Metaspace       used 27143K, committed 27456K, reserved 1114112K
  class space    used 3129K, committed 3264K, reserved 1048576K
}
Event: 2.779 GC heap after
{Heap after GC invocations=6 (full 0):
 garbage-first heap   total 86016K, used 39333K [0x0000000704e00000, 0x0000000800000000)
  region size 2048K, 9 young (18432K), 9 survivors (18432K)
 Metaspace       used 27143K, committed 27456K, reserved 1114112K
  class space    used 3129K, committed 3264K, reserved 1048576K
}
Event: 2.897 GC heap before
{Heap before GC invocations=6 (full 0):
 garbage-first heap   total 86016K, used 55717K [0x0000000704e00000, 0x0000000800000000)
  region size 2048K, 17 young (34816K), 9 survivors (18432K)
 Metaspace       used 27704K, committed 28032K, reserved 1114112K
  class space    used 3197K, committed 3328K, reserved 1048576K
}
Event: 2.905 GC heap after
{Heap after GC invocations=7 (full 0):
 garbage-first heap   total 86016K, used 42872K [0x0000000704e00000, 0x0000000800000000)
  region size 2048K, 3 young (6144K), 3 survivors (6144K)
 Metaspace       used 27704K, committed 28032K, reserved 1114112K
  class space    used 3197K, committed 3328K, reserved 1048576K
}
Event: 3.043 GC heap before
{Heap before GC invocations=7 (full 0):
 garbage-first heap   total 86016K, used 59256K [0x0000000704e00000, 0x0000000800000000)
  region size 2048K, 11 young (22528K), 3 survivors (6144K)
 Metaspace       used 28177K, committed 28480K, reserved 1114112K
  class space    used 3220K, committed 3328K, reserved 1048576K
}
Event: 3.050 GC heap after
{Heap after GC invocations=8 (full 0):
 garbage-first heap   total 86016K, used 45981K [0x0000000704e00000, 0x0000000800000000)
  region size 2048K, 2 young (4096K), 2 survivors (4096K)
 Metaspace       used 28177K, committed 28480K, reserved 1114112K
  class space    used 3220K, committed 3328K, reserved 1048576K
}
Event: 3.285 GC heap before
{Heap before GC invocations=9 (full 0):
 garbage-first heap   total 86016K, used 60317K [0x0000000704e00000, 0x0000000800000000)
  region size 2048K, 10 young (20480K), 2 survivors (4096K)
 Metaspace       used 29030K, committed 29376K, reserved 1114112K
  class space    used 3327K, committed 3520K, reserved 1048576K
}
Event: 3.291 GC heap after
{Heap after GC invocations=10 (full 0):
 garbage-first heap   total 86016K, used 46796K [0x0000000704e00000, 0x0000000800000000)
  region size 2048K, 1 young (2048K), 1 survivors (2048K)
 Metaspace       used 29030K, committed 29376K, reserved 1114112K
  class space    used 3327K, committed 3520K, reserved 1048576K
}
Event: 3.396 GC heap before
{Heap before GC invocations=10 (full 0):
 garbage-first heap   total 86016K, used 61132K [0x0000000704e00000, 0x0000000800000000)
  region size 2048K, 9 young (18432K), 1 survivors (2048K)
 Metaspace       used 29894K, committed 30208K, reserved 1114112K
  class space    used 3411K, committed 3584K, reserved 1048576K
}
Event: 3.398 GC heap after
{Heap after GC invocations=11 (full 0):
 garbage-first heap   total 110592K, used 47007K [0x0000000704e00000, 0x0000000800000000)
  region size 2048K, 1 young (2048K), 1 survivors (2048K)
 Metaspace       used 29894K, committed 30208K, reserved 1114112K
  class space    used 3411K, committed 3584K, reserved 1048576K
}
Event: 3.631 GC heap before
{Heap before GC invocations=12 (full 0):
 garbage-first heap   total 110592K, used 77727K [0x0000000704e00000, 0x0000000800000000)
  region size 2048K, 17 young (34816K), 1 survivors (2048K)
 Metaspace       used 30604K, committed 31040K, reserved 1114112K
  class space    used 3483K, committed 3712K, reserved 1048576K
}
Event: 3.635 GC heap after
{Heap after GC invocations=13 (full 0):
 garbage-first heap   total 110592K, used 48648K [0x0000000704e00000, 0x0000000800000000)
  region size 2048K, 2 young (4096K), 2 survivors (4096K)
 Metaspace       used 30604K, committed 31040K, reserved 1114112K
  class space    used 3483K, committed 3712K, reserved 1048576K
}
Event: 3.642 GC heap before
{Heap before GC invocations=13 (full 0):
 garbage-first heap   total 110592K, used 50696K [0x0000000704e00000, 0x0000000800000000)
  region size 2048K, 3 young (6144K), 2 survivors (4096K)
 Metaspace       used 30612K, committed 31040K, reserved 1114112K
  class space    used 3483K, committed 3712K, reserved 1048576K
}
Event: 3.647 GC heap after
{Heap after GC invocations=14 (full 0):
 garbage-first heap   total 110592K, used 47767K [0x0000000704e00000, 0x0000000800000000)
  region size 2048K, 1 young (2048K), 1 survivors (2048K)
 Metaspace       used 30612K, committed 31040K, reserved 1114112K
  class space    used 3483K, committed 3712K, reserved 1048576K
}
Event: 3.754 GC heap before
{Heap before GC invocations=14 (full 0):
 garbage-first heap   total 110592K, used 80535K [0x0000000704e00000, 0x0000000800000000)
  region size 2048K, 17 young (34816K), 1 survivors (2048K)
 Metaspace       used 30851K, committed 31232K, reserved 1114112K
  class space    used 3488K, committed 3712K, reserved 1048576K
}
Event: 3.758 GC heap after
{Heap after GC invocations=15 (full 0):
 garbage-first heap   total 110592K, used 48344K [0x0000000704e00000, 0x0000000800000000)
  region size 2048K, 1 young (2048K), 1 survivors (2048K)
 Metaspace       used 30851K, committed 31232K, reserved 1114112K
  class space    used 3488K, committed 3712K, reserved 1048576K
}
Event: 3.847 GC heap before
{Heap before GC invocations=15 (full 0):
 garbage-first heap   total 110592K, used 83160K [0x0000000704e00000, 0x0000000800000000)
  region size 2048K, 18 young (36864K), 1 survivors (2048K)
 Metaspace       used 30928K, committed 31296K, reserved 1114112K
  class space    used 3488K, committed 3712K, reserved 1048576K
}
Event: 3.849 GC heap after
{Heap after GC invocations=16 (full 0):
 garbage-first heap   total 110592K, used 48264K [0x0000000704e00000, 0x0000000800000000)
  region size 2048K, 1 young (2048K), 1 survivors (2048K)
 Metaspace       used 30928K, committed 31296K, reserved 1114112K
  class space    used 3488K, committed 3712K, reserved 1048576K
}
Event: 4.374 GC heap before
{Heap before GC invocations=16 (full 0):
 garbage-first heap   total 110592K, used 83080K [0x0000000704e00000, 0x0000000800000000)
  region size 2048K, 19 young (38912K), 1 survivors (2048K)
 Metaspace       used 32745K, committed 33152K, reserved 1114112K
  class space    used 3692K, committed 3904K, reserved 1048576K
}
Event: 4.381 GC heap after
{Heap after GC invocations=17 (full 0):
 garbage-first heap   total 221184K, used 50501K [0x0000000704e00000, 0x0000000800000000)
  region size 2048K, 2 young (4096K), 2 survivors (4096K)
 Metaspace       used 32745K, committed 33152K, reserved 1114112K
  class space    used 3692K, committed 3904K, reserved 1048576K
}

